\BOOKMARK [1][-]{section.1}{Introduction}{}% 1
\BOOKMARK [2][-]{subsection.1.1}{Data mining process}{section.1}% 2
\BOOKMARK [2][-]{subsection.1.2}{Data mining tasks}{section.1}% 3
\BOOKMARK [2][-]{subsection.1.3}{Issues}{section.1}% 4
\BOOKMARK [1][-]{section.2}{Data representation}{}% 5
\BOOKMARK [2][-]{subsection.2.1}{Attribute types}{section.2}% 6
\BOOKMARK [2][-]{subsection.2.2}{Missing values}{section.2}% 7
\BOOKMARK [3][-]{subsubsection.2.2.1}{Missing values - types}{subsection.2.2}% 8
\BOOKMARK [3][-]{subsubsection.2.2.2}{Missing values - solutions}{subsection.2.2}% 9
\BOOKMARK [2][-]{subsection.2.3}{Inaccurate values}{section.2}% 10
\BOOKMARK [2][-]{subsection.2.4}{Data format}{section.2}% 11
\BOOKMARK [2][-]{subsection.2.5}{Model representation}{section.2}% 12
\BOOKMARK [1][-]{section.3}{Data Exploration}{}% 13
\BOOKMARK [2][-]{subsection.3.1}{Summary statistics}{section.3}% 14
\BOOKMARK [2][-]{subsection.3.2}{Normalisation}{section.3}% 15
\BOOKMARK [2][-]{subsection.3.3}{Visualisation}{section.3}% 16
\BOOKMARK [3][-]{subsubsection.3.3.1}{Multiple dimension at once visualisation}{subsection.3.3}% 17
\BOOKMARK [3][-]{subsubsection.3.3.2}{Dimensionality reduction}{subsection.3.3}% 18
\BOOKMARK [3][-]{subsubsection.3.3.3}{Other visualisation techniques}{subsection.3.3}% 19
\BOOKMARK [1][-]{section.4}{Association Rules Mining}{}% 20
\BOOKMARK [2][-]{subsection.4.1}{Frequent itemset generation}{section.4}% 21
\BOOKMARK [3][-]{subsubsection.4.1.1}{Apriori principle}{subsection.4.1}% 22
\BOOKMARK [3][-]{subsubsection.4.1.2}{Eclat}{subsection.4.1}% 23
\BOOKMARK [3][-]{subsubsection.4.1.3}{Frequent pattern mining without candidate generation}{subsection.4.1}% 24
\BOOKMARK [2][-]{subsection.4.2}{Rule generation}{section.4}% 25
\BOOKMARK [2][-]{subsection.4.3}{Rule assessment measures}{section.4}% 26
\BOOKMARK [3][-]{subsubsection.4.3.1}{Lift}{subsection.4.3}% 27
\BOOKMARK [3][-]{subsubsection.4.3.2}{Leverage}{subsection.4.3}% 28
\BOOKMARK [2][-]{subsection.4.4}{Summarizing Itemsets}{section.4}% 29
\BOOKMARK [2][-]{subsection.4.5}{Mining frequent sequences}{section.4}% 30
\BOOKMARK [3][-]{subsubsection.4.5.1}{Level-wise mining GSP algorithm}{subsection.4.5}% 31
\BOOKMARK [2][-]{subsection.4.6}{Association rule for classification}{section.4}% 32
\BOOKMARK [1][-]{section.5}{Regression}{}% 33
\BOOKMARK [2][-]{subsection.5.1}{Model evaluation}{section.5}% 34
\BOOKMARK [3][-]{subsubsection.5.1.1}{Hold out evaluation}{subsection.5.1}% 35
\BOOKMARK [3][-]{subsubsection.5.1.2}{Cross-validation}{subsection.5.1}% 36
\BOOKMARK [2][-]{subsection.5.2}{Overfitting}{section.5}% 37
\BOOKMARK [3][-]{subsubsection.5.2.1}{Ridge Regression L2 Regularization}{subsection.5.2}% 38
\BOOKMARK [3][-]{subsubsection.5.2.2}{Lasso Regression L1 Regularization}{subsection.5.2}% 39
\BOOKMARK [3][-]{subsubsection.5.2.3}{Alpha selection}{subsection.5.2}% 40
\BOOKMARK [1][-]{section.6}{Classification}{}% 41
\BOOKMARK [2][-]{subsection.6.1}{Model evaluation}{section.6}% 42
\BOOKMARK [2][-]{subsection.6.2}{Logistic Regression}{section.6}% 43
\BOOKMARK [2][-]{subsection.6.3}{Overfitting and regularization}{section.6}% 44
\BOOKMARK [2][-]{subsection.6.4}{Multiclass Classification}{section.6}% 45
\BOOKMARK [2][-]{subsection.6.5}{Categorical values}{section.6}% 46
\BOOKMARK [1][-]{section.7}{Credibility : robust evaluation methods}{}% 47
\BOOKMARK [2][-]{subsection.7.1}{Metric for performance evaluation}{section.7}% 48
\BOOKMARK [3][-]{subsubsection.7.1.1}{Regression}{subsection.7.1}% 49
\BOOKMARK [3][-]{subsubsection.7.1.2}{Classification}{subsection.7.1}% 50
\BOOKMARK [2][-]{subsection.7.2}{Methods for performance evaluation}{section.7}% 51
\BOOKMARK [2][-]{subsection.7.3}{Compare competing models}{section.7}% 52
\BOOKMARK [3][-]{subsubsection.7.3.1}{Paired t-test using CV}{subsection.7.3}% 53
\BOOKMARK [3][-]{subsubsection.7.3.2}{Multiple testing}{subsection.7.3}% 54
\BOOKMARK [3][-]{subsubsection.7.3.3}{Probabilistic classifiers}{subsection.7.3}% 55
\BOOKMARK [3][-]{subsubsection.7.3.4}{ROC Curve}{subsection.7.3}% 56
\BOOKMARK [2][-]{subsection.7.4}{Model Selection}{section.7}% 57
\BOOKMARK [1][-]{section.8}{Decision Trees}{}% 58
\BOOKMARK [2][-]{subsection.8.1}{Computing Decision Trees}{section.8}% 59
\BOOKMARK [3][-]{subsubsection.8.1.1}{Information Gain - ID3}{subsection.8.1}% 60
\BOOKMARK [3][-]{subsubsection.8.1.2}{Information Gain Ration - C4.5}{subsection.8.1}% 61
\BOOKMARK [3][-]{subsubsection.8.1.3}{Gini Index - CART}{subsection.8.1}% 62
\BOOKMARK [2][-]{subsection.8.2}{Overfitting and generalization}{section.8}% 63
\BOOKMARK [3][-]{subsubsection.8.2.1}{Pre-pruning}{subsection.8.2}% 64
\BOOKMARK [3][-]{subsubsection.8.2.2}{Post-pruning}{subsection.8.2}% 65
\BOOKMARK [2][-]{subsection.8.3}{Regression and model trees}{section.8}% 66
\BOOKMARK [3][-]{subsubsection.8.3.1}{Decision Stumps}{subsection.8.3}% 67
\BOOKMARK [1][-]{section.9}{Classification Rules}{}% 68
\BOOKMARK [2][-]{subsection.9.1}{Direct Method}{section.9}% 69
\BOOKMARK [3][-]{subsubsection.9.1.1}{IR Classifier}{subsection.9.1}% 70
\BOOKMARK [3][-]{subsubsection.9.1.2}{Sequential Covering}{subsection.9.1}% 71
\BOOKMARK [2][-]{subsection.9.2}{Indirect methods}{section.9}% 72
\BOOKMARK [1][-]{section.10}{Other Classifiers}{}% 73
\BOOKMARK [2][-]{subsection.10.1}{Naives Bayes Classifier}{section.10}% 74
\BOOKMARK [2][-]{subsection.10.2}{Nearest Neighbour}{section.10}% 75
\BOOKMARK [3][-]{subsubsection.10.2.1}{Improving KNN}{subsection.10.2}% 76
\BOOKMARK [3][-]{subsubsection.10.2.2}{KNN Regression}{subsection.10.2}% 77
\BOOKMARK [3][-]{subsubsection.10.2.3}{KNN Discussion}{subsection.10.2}% 78
\BOOKMARK [2][-]{subsection.10.3}{Bayesian Belief Networks}{section.10}% 79
\BOOKMARK [2][-]{subsection.10.4}{Support Vector Machines}{section.10}% 80
\BOOKMARK [1][-]{section.11}{Classification Ensembles}{}% 81
\BOOKMARK [2][-]{subsection.11.1}{Bagging}{section.11}% 82
\BOOKMARK [2][-]{subsection.11.2}{Algorithm Randomization}{section.11}% 83
\BOOKMARK [3][-]{subsubsection.11.2.1}{Random Forests}{subsection.11.2}% 84
\BOOKMARK [2][-]{subsection.11.3}{Boosting}{section.11}% 85
\BOOKMARK [3][-]{subsubsection.11.3.1}{AdaBoosting}{subsection.11.3}% 86
\BOOKMARK [3][-]{subsubsection.11.3.2}{Boosting Stumps}{subsection.11.3}% 87
\BOOKMARK [3][-]{subsubsection.11.3.3}{Gradient Boosting}{subsection.11.3}% 88
\BOOKMARK [3][-]{subsubsection.11.3.4}{eXtreme Gradient Boosting}{subsection.11.3}% 89
\BOOKMARK [2][-]{subsection.11.4}{Learning Ensembles}{section.11}% 90
\BOOKMARK [1][-]{section.12}{Clustering}{}% 91
\BOOKMARK [2][-]{subsection.12.1}{Intro}{section.12}% 92
\BOOKMARK [3][-]{subsubsection.12.1.1}{Clustering methods}{subsection.12.1}% 93
\BOOKMARK [3][-]{subsubsection.12.1.2}{Data structures}{subsection.12.1}% 94
\BOOKMARK [3][-]{subsubsection.12.1.3}{Distance and Similarity Measures}{subsection.12.1}% 95
\BOOKMARK [3][-]{subsubsection.12.1.4}{Requisites for clustering}{subsection.12.1}% 96
\BOOKMARK [2][-]{subsection.12.2}{Hierarchical clustering}{section.12}% 97
\BOOKMARK [3][-]{subsubsection.12.2.1}{Complexity}{subsection.12.2}% 98
\BOOKMARK [3][-]{subsubsection.12.2.2}{Distance between clusters}{subsection.12.2}% 99
\BOOKMARK [3][-]{subsubsection.12.2.3}{Determining number of clusters}{subsection.12.2}% 100
\BOOKMARK [3][-]{subsubsection.12.2.4}{Cluster representation}{subsection.12.2}% 101
\BOOKMARK [3][-]{subsubsection.12.2.5}{Problems with HC}{subsection.12.2}% 102
\BOOKMARK [2][-]{subsection.12.3}{Representative based Clustering}{section.12}% 103
\BOOKMARK [3][-]{subsubsection.12.3.1}{K-Means Clustering}{subsection.12.3}% 104
\BOOKMARK [3][-]{subsubsection.12.3.2}{BFR}{subsection.12.3}% 105
\BOOKMARK [3][-]{subsubsection.12.3.3}{Expectation Maximization}{subsection.12.3}% 106
\BOOKMARK [2][-]{subsection.12.4}{Density Based Clustering}{section.12}% 107
\BOOKMARK [2][-]{subsection.12.5}{Cluster Validation}{section.12}% 108
\BOOKMARK [3][-]{subsubsection.12.5.1}{Cluster Evaluation}{subsection.12.5}% 109
\BOOKMARK [3][-]{subsubsection.12.5.2}{Cluster Stability}{subsection.12.5}% 110
\BOOKMARK [3][-]{subsubsection.12.5.3}{Cluster Tendency}{subsection.12.5}% 111
\BOOKMARK [1][-]{section.13}{Data Preparation}{}% 112
\BOOKMARK [2][-]{subsection.13.1}{Data Cleaning}{section.13}% 113
\BOOKMARK [2][-]{subsection.13.2}{Sampling}{section.13}% 114
\BOOKMARK [2][-]{subsection.13.3}{Aggregation}{section.13}% 115
\BOOKMARK [2][-]{subsection.13.4}{Feature Creation}{section.13}% 116
\BOOKMARK [2][-]{subsection.13.5}{Discretization}{section.13}% 117
\BOOKMARK [2][-]{subsection.13.6}{Feature Selection \(Dimensionality Reduction\)}{section.13}% 118
\BOOKMARK [3][-]{subsubsection.13.6.1}{Filter approach 1 : PCA}{subsection.13.6}% 119
\BOOKMARK [3][-]{subsubsection.13.6.2}{Filter approach 2 : SVD}{subsection.13.6}% 120
\BOOKMARK [3][-]{subsubsection.13.6.3}{Wrapper Approach}{subsection.13.6}% 121
\BOOKMARK [3][-]{subsubsection.13.6.4}{Filter vs Wrapper}{subsection.13.6}% 122
\BOOKMARK [1][-]{section.14}{Text Mining}{}% 123
\BOOKMARK [2][-]{subsection.14.1}{NLP}{section.14}% 124
\BOOKMARK [2][-]{subsection.14.2}{Information Retrieval}{section.14}% 125
\BOOKMARK [2][-]{subsection.14.3}{Ranking Documents}{section.14}% 126
\BOOKMARK [3][-]{subsubsection.14.3.1}{1.Document Similarity Retrieval:VSM}{subsection.14.3}% 127
\BOOKMARK [3][-]{subsubsection.14.3.2}{2.Document Similarity Retrieval : TFW}{subsection.14.3}% 128
\BOOKMARK [3][-]{subsubsection.14.3.3}{3.Document Similairty Retrieval : IDF}{subsection.14.3}% 129
\BOOKMARK [3][-]{subsubsection.14.3.4}{4.Document Similarity Retrieval : TFTransformations}{subsection.14.3}% 130
\BOOKMARK [3][-]{subsubsection.14.3.5}{5.Document Similarity Retrieval : Document Length}{subsection.14.3}% 131
\BOOKMARK [3][-]{subsubsection.14.3.6}{6.Document Similarity Retrieval : State of Art}{subsection.14.3}% 132
\BOOKMARK [2][-]{subsection.14.4}{From text to numerical vectors}{section.14}% 133
\BOOKMARK [2][-]{subsection.14.5}{Text Classification}{section.14}% 134
\BOOKMARK [3][-]{subsubsection.14.5.1}{Similarity based text classifiers}{subsection.14.5}% 135
\BOOKMARK [3][-]{subsubsection.14.5.2}{Dimensionality reduction in text classifiers}{subsection.14.5}% 136
\BOOKMARK [3][-]{subsubsection.14.5.3}{Example with Naives Bayes Text Classifier}{subsection.14.5}% 137
\BOOKMARK [2][-]{subsection.14.6}{Word Embeddings}{section.14}% 138
\BOOKMARK [3][-]{subsubsection.14.6.1}{Word2Vec}{subsection.14.6}% 139
