This is pdfTeX, Version 3.14159265-2.6-1.40.17 (TeX Live 2016) (preloaded format=pdflatex 2016.5.22)  20 APR 2018 13:33
entering extended mode
 restricted \write18 enabled.
 %&-line parsing enabled.
**MIDA1_v1.tex
(./MIDA1_v1.tex
LaTeX2e <2016/03/31>
Babel <3.9r> and hyphenation patterns for 83 language(s) loaded.
(/usr/local/texlive/2016/texmf-dist/tex/latex/base/article.cls
Document Class: article 2014/09/29 v1.4h Standard LaTeX document class
(/usr/local/texlive/2016/texmf-dist/tex/latex/base/size12.clo
File: size12.clo 2014/09/29 v1.4h Standard LaTeX file (size option)
)
\c@part=\count79
\c@section=\count80
\c@subsection=\count81
\c@subsubsection=\count82
\c@paragraph=\count83
\c@subparagraph=\count84
\c@figure=\count85
\c@table=\count86
\abovecaptionskip=\skip41
\belowcaptionskip=\skip42
\bibindent=\dimen102
)
(/usr/local/texlive/2016/texmf-dist/tex/latex/geometry/geometry.sty
Package: geometry 2010/09/12 v5.6 Page Geometry

(/usr/local/texlive/2016/texmf-dist/tex/latex/graphics/keyval.sty
Package: keyval 2014/10/28 v1.15 key=value parser (DPC)
\KV@toks@=\toks14
)
(/usr/local/texlive/2016/texmf-dist/tex/generic/oberdiek/ifpdf.sty
Package: ifpdf 2016/05/14 v3.1 Provides the ifpdf switch
)
(/usr/local/texlive/2016/texmf-dist/tex/generic/oberdiek/ifvtex.sty
Package: ifvtex 2016/05/16 v1.6 Detect VTeX and its facilities (HO)
Package ifvtex Info: VTeX not detected.
)
(/usr/local/texlive/2016/texmf-dist/tex/generic/ifxetex/ifxetex.sty
Package: ifxetex 2010/09/12 v0.6 Provides ifxetex conditional
)
\Gm@cnth=\count87
\Gm@cntv=\count88
\c@Gm@tempcnt=\count89
\Gm@bindingoffset=\dimen103
\Gm@wd@mp=\dimen104
\Gm@odd@mp=\dimen105
\Gm@even@mp=\dimen106
\Gm@layoutwidth=\dimen107
\Gm@layoutheight=\dimen108
\Gm@layouthoffset=\dimen109
\Gm@layoutvoffset=\dimen110
\Gm@dimlist=\toks15
)
(/usr/local/texlive/2016/texmf-dist/tex/latex/graphics/graphicx.sty
Package: graphicx 2014/10/28 v1.0g Enhanced LaTeX Graphics (DPC,SPQR)

(/usr/local/texlive/2016/texmf-dist/tex/latex/graphics/graphics.sty
Package: graphics 2016/05/09 v1.0r Standard LaTeX Graphics (DPC,SPQR)

(/usr/local/texlive/2016/texmf-dist/tex/latex/graphics/trig.sty
Package: trig 2016/01/03 v1.10 sin cos tan (DPC)
)
(/usr/local/texlive/2016/texmf-dist/tex/latex/graphics-cfg/graphics.cfg
File: graphics.cfg 2016/01/02 v1.10 sample graphics configuration
)
Package graphics Info: Driver file: pdftex.def on input line 96.

(/usr/local/texlive/2016/texmf-dist/tex/latex/pdftex-def/pdftex.def
File: pdftex.def 2011/05/27 v0.06d Graphics/color for pdfTeX

(/usr/local/texlive/2016/texmf-dist/tex/generic/oberdiek/infwarerr.sty
Package: infwarerr 2016/05/16 v1.4 Providing info/warning/error messages (HO)
)
(/usr/local/texlive/2016/texmf-dist/tex/generic/oberdiek/ltxcmds.sty
Package: ltxcmds 2016/05/16 v1.23 LaTeX kernel commands for general use (HO)
)
\Gread@gobject=\count90
))
\Gin@req@height=\dimen111
\Gin@req@width=\dimen112
)
(/usr/local/texlive/2016/texmf-dist/tex/latex/amsmath/amsmath.sty
Package: amsmath 2016/03/10 v2.15b AMS math features
\@mathmargin=\skip43

For additional information on amsmath, use the `?' option.
(/usr/local/texlive/2016/texmf-dist/tex/latex/amsmath/amstext.sty
Package: amstext 2000/06/29 v2.01 AMS text

(/usr/local/texlive/2016/texmf-dist/tex/latex/amsmath/amsgen.sty
File: amsgen.sty 1999/11/30 v2.0 generic functions
\@emptytoks=\toks16
\ex@=\dimen113
))
(/usr/local/texlive/2016/texmf-dist/tex/latex/amsmath/amsbsy.sty
Package: amsbsy 1999/11/29 v1.2d Bold Symbols
\pmbraise@=\dimen114
)
(/usr/local/texlive/2016/texmf-dist/tex/latex/amsmath/amsopn.sty
Package: amsopn 2016/03/08 v2.02 operator names
)
\inf@bad=\count91
LaTeX Info: Redefining \frac on input line 199.
\uproot@=\count92
\leftroot@=\count93
LaTeX Info: Redefining \overline on input line 297.
\classnum@=\count94
\DOTSCASE@=\count95
LaTeX Info: Redefining \ldots on input line 394.
LaTeX Info: Redefining \dots on input line 397.
LaTeX Info: Redefining \cdots on input line 518.
\Mathstrutbox@=\box26
\strutbox@=\box27
\big@size=\dimen115
LaTeX Font Info:    Redeclaring font encoding OML on input line 634.
LaTeX Font Info:    Redeclaring font encoding OMS on input line 635.
\macc@depth=\count96
\c@MaxMatrixCols=\count97
\dotsspace@=\muskip10
\c@parentequation=\count98
\dspbrk@lvl=\count99
\tag@help=\toks17
\row@=\count100
\column@=\count101
\maxfields@=\count102
\andhelp@=\toks18
\eqnshift@=\dimen116
\alignsep@=\dimen117
\tagshift@=\dimen118
\tagwidth@=\dimen119
\totwidth@=\dimen120
\lineht@=\dimen121
\@envbody=\toks19
\multlinegap=\skip44
\multlinetaggap=\skip45
\mathdisplay@stack=\toks20
LaTeX Info: Redefining \[ on input line 2739.
LaTeX Info: Redefining \] on input line 2740.
)
(/usr/local/texlive/2016/texmf-dist/tex/latex/easylist/easylist.sty
Package: easylist 2014/01/11 v.1.4 Numbered items with a single command.
\el@CounterTotal=\count103
\el@Scratch=\count104
\el@ControlCounter=\count105
\el@CounterLevel=\count106
\c@List1=\count107
\c@List2=\count108
\c@List3=\count109
\c@List4=\count110
\c@List5=\count111
\c@List6=\count112
\c@List7=\count113
\c@List8=\count114
\c@List9=\count115
\c@List10=\count116
\el@ProgressiveDimension=\dimen122
\el@CounterBox=\box28
\el@ControlBox=\box29
\el@TotalMargin=\dimen123
\el@LeftMove=\dimen124
)
(/usr/local/texlive/2016/texmf-dist/tex/latex/import/import.sty
Package: import 2009/03/23  v 5.1
)
(/usr/local/texlive/2016/texmf-dist/tex/latex/hyperref/hyperref.sty
Package: hyperref 2016/05/05 v6.83n Hypertext links for LaTeX

(/usr/local/texlive/2016/texmf-dist/tex/generic/oberdiek/hobsub-hyperref.sty
Package: hobsub-hyperref 2016/05/16 v1.14 Bundle oberdiek, subset hyperref (HO)


(/usr/local/texlive/2016/texmf-dist/tex/generic/oberdiek/hobsub-generic.sty
Package: hobsub-generic 2016/05/16 v1.14 Bundle oberdiek, subset generic (HO)
Package: hobsub 2016/05/16 v1.14 Construct package bundles (HO)
Package hobsub Info: Skipping package `infwarerr' (already loaded).
Package hobsub Info: Skipping package `ltxcmds' (already loaded).
Package: ifluatex 2016/05/16 v1.4 Provides the ifluatex switch (HO)
Package ifluatex Info: LuaTeX not detected.
Package hobsub Info: Skipping package `ifvtex' (already loaded).
Package: intcalc 2016/05/16 v1.2 Expandable calculations with integers (HO)
Package hobsub Info: Skipping package `ifpdf' (already loaded).
Package: etexcmds 2016/05/16 v1.6 Avoid name clashes with e-TeX commands (HO)
Package etexcmds Info: Could not find \expanded.
(etexcmds)             That can mean that you are not using pdfTeX 1.50 or
(etexcmds)             that some package has redefined \expanded.
(etexcmds)             In the latter case, load this package earlier.
Package: kvsetkeys 2016/05/16 v1.17 Key value parser (HO)
Package: kvdefinekeys 2016/05/16 v1.4 Define keys (HO)
Package: pdftexcmds 2016/05/10 v0.21 Utility functions of pdfTeX for LuaTeX (HO
)
Package pdftexcmds Info: LuaTeX not detected.
Package pdftexcmds Info: \pdf@primitive is available.
Package pdftexcmds Info: \pdf@ifprimitive is available.
Package pdftexcmds Info: \pdfdraftmode found.
Package: pdfescape 2016/05/16 v1.14 Implements pdfTeX's escape features (HO)
Package: bigintcalc 2016/05/16 v1.4 Expandable calculations on big integers (HO
)
Package: bitset 2016/05/16 v1.2 Handle bit-vector datatype (HO)
Package: uniquecounter 2016/05/16 v1.3 Provide unlimited unique counter (HO)
)
Package hobsub Info: Skipping package `hobsub' (already loaded).
Package: letltxmacro 2016/05/16 v1.5 Let assignment for LaTeX macros (HO)
Package: hopatch 2016/05/16 v1.3 Wrapper for package hooks (HO)
Package: xcolor-patch 2016/05/16 xcolor patch
Package: atveryend 2016/05/16 v1.9 Hooks at the very end of document (HO)
Package atveryend Info: \enddocument detected (standard20110627).
Package: atbegshi 2016/05/16 v1.17 At begin shipout hook (HO)
Package: refcount 2016/05/16 v3.5 Data extraction from label references (HO)
Package: hycolor 2016/05/16 v1.8 Color options for hyperref/bookmark (HO)
)
(/usr/local/texlive/2016/texmf-dist/tex/latex/oberdiek/auxhook.sty
Package: auxhook 2016/05/16 v1.4 Hooks for auxiliary files (HO)
)
(/usr/local/texlive/2016/texmf-dist/tex/latex/oberdiek/kvoptions.sty
Package: kvoptions 2016/05/16 v3.12 Key value format for package options (HO)
)
\@linkdim=\dimen125
\Hy@linkcounter=\count117
\Hy@pagecounter=\count118

(/usr/local/texlive/2016/texmf-dist/tex/latex/hyperref/pd1enc.def
File: pd1enc.def 2016/05/05 v6.83n Hyperref: PDFDocEncoding definition (HO)
)
\Hy@SavedSpaceFactor=\count119

(/usr/local/texlive/2016/texmf-dist/tex/latex/latexconfig/hyperref.cfg
File: hyperref.cfg 2002/06/06 v1.2 hyperref configuration of TeXLive
)
Package hyperref Info: Hyper figures OFF on input line 4446.
Package hyperref Info: Link nesting OFF on input line 4451.
Package hyperref Info: Hyper index ON on input line 4454.
Package hyperref Info: Plain pages OFF on input line 4461.
Package hyperref Info: Backreferencing OFF on input line 4466.
Package hyperref Info: Implicit mode ON; LaTeX internals redefined.
Package hyperref Info: Bookmarks ON on input line 4691.
\c@Hy@tempcnt=\count120

(/usr/local/texlive/2016/texmf-dist/tex/latex/url/url.sty
\Urlmuskip=\muskip11
Package: url 2013/09/16  ver 3.4  Verb mode for urls, etc.
)
LaTeX Info: Redefining \url on input line 5044.
\XeTeXLinkMargin=\dimen126
\Fld@menulength=\count121
\Field@Width=\dimen127
\Fld@charsize=\dimen128
Package hyperref Info: Hyper figures OFF on input line 6298.
Package hyperref Info: Link nesting OFF on input line 6303.
Package hyperref Info: Hyper index ON on input line 6306.
Package hyperref Info: backreferencing OFF on input line 6313.
Package hyperref Info: Link coloring OFF on input line 6318.
Package hyperref Info: Link coloring with OCG OFF on input line 6323.
Package hyperref Info: PDF/A mode OFF on input line 6328.
LaTeX Info: Redefining \ref on input line 6368.
LaTeX Info: Redefining \pageref on input line 6372.
\Hy@abspage=\count122
\c@Item=\count123
\c@Hfootnote=\count124
)

Package hyperref Message: Driver (autodetected): hpdftex.

(/usr/local/texlive/2016/texmf-dist/tex/latex/hyperref/hpdftex.def
File: hpdftex.def 2016/05/05 v6.83n Hyperref driver for pdfTeX
\Fld@listcount=\count125
\c@bookmark@seq@number=\count126

(/usr/local/texlive/2016/texmf-dist/tex/latex/oberdiek/rerunfilecheck.sty
Package: rerunfilecheck 2016/05/16 v1.8 Rerun checks for auxiliary files (HO)
Package uniquecounter Info: New unique counter `rerunfilecheck' on input line 2
82.
)
\Hy@SectionHShift=\skip46
)
Package hyperref Info: Option `colorlinks' set `true' on input line 36.

(/usr/local/texlive/2016/texmf-dist/tex/latex/float/float.sty
Package: float 2001/11/08 v1.3d Float enhancements (AL)
\c@float@type=\count127
\float@exts=\toks21
\float@box=\box30
\@float@everytoks=\toks22
\@floatcapt=\box31
)
(/usr/local/texlive/2016/texmf-dist/tex/latex/wrapfig/wrapfig.sty
\wrapoverhang=\dimen129
\WF@size=\dimen130
\c@WF@wrappedlines=\count128
\WF@box=\box32
\WF@everypar=\toks23
Package: wrapfig 2003/01/31  v 3.6
)
(/usr/local/texlive/2016/texmf-dist/tex/latex/lipsum/lipsum.sty
Package: lipsum 2014/07/27 v1.3 150 paragraphs of Lorem Ipsum dummy text
\c@lips@count=\count129
)
(./MIDA1_v1.aux

LaTeX Warning: Label `my-label' multiply defined.

)
\openout1 = `MIDA1_v1.aux'.

LaTeX Font Info:    Checking defaults for OML/cmm/m/it on input line 53.
LaTeX Font Info:    ... okay on input line 53.
LaTeX Font Info:    Checking defaults for T1/cmr/m/n on input line 53.
LaTeX Font Info:    ... okay on input line 53.
LaTeX Font Info:    Checking defaults for OT1/cmr/m/n on input line 53.
LaTeX Font Info:    ... okay on input line 53.
LaTeX Font Info:    Checking defaults for OMS/cmsy/m/n on input line 53.
LaTeX Font Info:    ... okay on input line 53.
LaTeX Font Info:    Checking defaults for OMX/cmex/m/n on input line 53.
LaTeX Font Info:    ... okay on input line 53.
LaTeX Font Info:    Checking defaults for U/cmr/m/n on input line 53.
LaTeX Font Info:    ... okay on input line 53.
LaTeX Font Info:    Checking defaults for PD1/pdf/m/n on input line 53.
LaTeX Font Info:    ... okay on input line 53.

*geometry* driver: auto-detecting
*geometry* detected driver: pdftex
*geometry* verbose mode - [ preamble ] result:
* driver: pdftex
* paper: a4paper
* layout: <same size as paper>
* layoutoffset:(h,v)=(0.0pt,0.0pt)
* modes: 
* h-part:(L,W,R)=(89.62709pt, 418.25368pt, 89.6271pt)
* v-part:(T,H,B)=(101.40665pt, 591.5302pt, 152.11pt)
* \paperwidth=597.50787pt
* \paperheight=845.04684pt
* \textwidth=418.25368pt
* \textheight=591.5302pt
* \oddsidemargin=17.3571pt
* \evensidemargin=17.3571pt
* \topmargin=-7.86334pt
* \headheight=12.0pt
* \headsep=25.0pt
* \topskip=12.0pt
* \footskip=30.0pt
* \marginparwidth=44.0pt
* \marginparsep=10.0pt
* \columnsep=10.0pt
* \skip\footins=10.8pt plus 4.0pt minus 2.0pt
* \hoffset=0.0pt
* \voffset=0.0pt
* \mag=1000
* \@twocolumnfalse
* \@twosidefalse
* \@mparswitchfalse
* \@reversemarginfalse
* (1in=72.27pt=25.4mm, 1cm=28.453pt)

(/usr/local/texlive/2016/texmf-dist/tex/context/base/mkii/supp-pdf.mkii
[Loading MPS to PDF converter (version 2006.09.02).]
\scratchcounter=\count130
\scratchdimen=\dimen131
\scratchbox=\box33
\nofMPsegments=\count131
\nofMParguments=\count132
\everyMPshowfont=\toks24
\MPscratchCnt=\count133
\MPscratchDim=\dimen132
\MPnumerator=\count134
\makeMPintoPDFobject=\count135
\everyMPtoPDFconversion=\toks25
) (/usr/local/texlive/2016/texmf-dist/tex/latex/oberdiek/epstopdf-base.sty
Package: epstopdf-base 2016/05/15 v2.6 Base part for package epstopdf

(/usr/local/texlive/2016/texmf-dist/tex/latex/oberdiek/grfext.sty
Package: grfext 2016/05/16 v1.2 Manage graphics extensions (HO)
)
Package grfext Info: Graphics extension search list:
(grfext)             [.png,.pdf,.jpg,.mps,.jpeg,.jbig2,.jb2,.PNG,.PDF,.JPG,.JPE
G,.JBIG2,.JB2,.eps]
(grfext)             \AppendGraphicsExtensions on input line 456.

(/usr/local/texlive/2016/texmf-dist/tex/latex/latexconfig/epstopdf-sys.cfg
File: epstopdf-sys.cfg 2010/07/13 v1.3 Configuration of (r)epstopdf for TeX Liv
e
))
\AtBeginShipoutBox=\box34

(/usr/local/texlive/2016/texmf-dist/tex/latex/graphics/color.sty
Package: color 2016/05/09 v1.1c Standard LaTeX Color (DPC)

(/usr/local/texlive/2016/texmf-dist/tex/latex/graphics-cfg/color.cfg
File: color.cfg 2016/01/02 v1.6 sample color configuration
)
Package color Info: Driver file: pdftex.def on input line 144.
)
Package hyperref Info: Link coloring ON on input line 53.

(/usr/local/texlive/2016/texmf-dist/tex/latex/hyperref/nameref.sty
Package: nameref 2012/10/27 v2.43 Cross-referencing by name of section

(/usr/local/texlive/2016/texmf-dist/tex/generic/oberdiek/gettitlestring.sty
Package: gettitlestring 2016/05/16 v1.5 Cleanup title references (HO)
)
\c@section@level=\count136
)
LaTeX Info: Redefining \ref on input line 53.
LaTeX Info: Redefining \pageref on input line 53.
LaTeX Info: Redefining \nameref on input line 53.

(./MIDA1_v1.out) (./MIDA1_v1.out)
\@outlinefile=\write3
\openout3 = `MIDA1_v1.out'.

 [1

{/usr/local/texlive/2016/texmf-var/fonts/map/pdftex/updmap/pdftex.map}] (./MIDA
1_v1.tocpdfTeX warning (ext4): destination with the same identifier (name{page.
1}) has been already used, duplicate ignored
<to be read again> 
                   \relax 
l.33 ... \& AR processes}{23}{subsubsection.1.3.7}
                                                   [1] [2])
\tf@toc=\write4
\openout4 = `MIDA1_v1.toc'.

 [3]
(./sections/Intro.tex
<Pictures/ts_system.png, id=462, 341.275pt x 137.51375pt>
File: Pictures/ts_system.png Graphic file (type png)

<use Pictures/ts_system.png>
Package pdftex.def Info: Pictures/ts_system.png used on input line 22.
(pdftex.def)             Requested size: 146.38814pt x 58.98708pt.
 <Pictures/ts.png, id=464, 462.528pt x 346.896pt>
File: Pictures/ts.png Graphic file (type png)

<use Pictures/ts.png>
Package pdftex.def Info: Pictures/ts.png used on input line 26.
(pdftex.def)             Requested size: 146.38814pt x 109.79155pt.
LaTeX Font Info:    Try loading font information for OMS+cmr on input line 44.

(/usr/local/texlive/2016/texmf-dist/tex/latex/base/omscmr.fd
File: omscmr.fd 2014/09/29 v2.5h Standard LaTeX font definitions
)
LaTeX Font Info:    Font shape `OMS/cmr/m/n' in size <12> not available
(Font)              Font shape `OMS/cmsy/m/n' tried instead on input line 44.
 [4 <./Pictures/ts_system.png> <./Pictures/ts.png>]
<Pictures/IO.png, id=476, 433.62pt x 152.57pt>
File: Pictures/IO.png Graphic file (type png)
 <use Pictures/IO.png>
Package pdftex.def Info: Pictures/IO.png used on input line 57.
(pdftex.def)             Requested size: 209.12683pt x 73.58197pt.

<Pictures/IO_control.png, id=477, 788.9475pt x 264.99pt>
File: Pictures/IO_control.png Graphic file (type png)

<use Pictures/IO_control.png>
Package pdftex.def Info: Pictures/IO_control.png used on input line 71.
(pdftex.def)             Requested size: 250.95476pt x 84.28905pt.
 [5 <./Pictures/IO.png> <./Pictures/IO_control.png>] [6]
Underfull \hbox (badness 10000) in paragraph at lines 117--121

 []

<Pictures/ts_model.png, id=492, 697.60625pt x 259.97125pt>
File: Pictures/ts_model.png Graphic file (type png)

<use Pictures/ts_model.png>
Package pdftex.def Info: Pictures/ts_model.png used on input line 125.
(pdftex.def)             Requested size: 146.38814pt x 54.55193pt.

<Pictures/io_model.png, id=493, 695.59875pt x 295.1025pt>
File: Pictures/io_model.png Graphic file (type png)

<use Pictures/io_model.png>
Package pdftex.def Info: Pictures/io_model.png used on input line 130.
(pdftex.def)             Requested size: 146.38814pt x 62.10393pt.
 [7pdfTeX warning (ext4): destination with the same identifier (name{figure.1})
 has been already used, duplicate ignored

\AtBegShi@Output ...ipout \box \AtBeginShipoutBox 
                                                  \fi \fi 
l.137 \newpage
              pdfTeX warning (ext4): destination with the same identifier (name
{figure.2}) has been already used, duplicate ignored

\AtBegShi@Output ...ipout \box \AtBeginShipoutBox 
                                                  \fi \fi 
l.137 \newpage
               <./Pictures/ts_model.png> <./Pictures/io_model.png>]
<Pictures/massmodel.png, id=503, 567.11874pt x 252.945pt>
File: Pictures/massmodel.png Graphic file (type png)

<use Pictures/massmodel.png>
Package pdftex.def Info: Pictures/massmodel.png used on input line 142.
(pdftex.def)             Requested size: 209.12683pt x 93.27554pt.

Overfull \hbox (72.94748pt too wide) in paragraph at lines 163--169
 [][] 
 []

[8pdfTeX warning (ext4): destination with the same identifier (name{figure.3}) 
has been already used, duplicate ignored

\AtBegShi@Output ...ipout \box \AtBeginShipoutBox 
                                                  \fi \fi 
l.169 \end{table}
                  <./Pictures/massmodel.png>] [9pdfTeX warning (ext4): destinat
ion with the same identifier (name{table.1}) has been already used, duplicate i
gnored

\AtBegShi@Output ...ipout \box \AtBeginShipoutBox 
                                                  \fi \fi 
l.184 ...( v(t_1,S) - m(t_1))(v(t_2,S)-m(t_2))] $$
                                                  ] [10]
<Pictures/correlation.png, id=522, 551.05875pt x 266.9975pt>
File: Pictures/correlation.png Graphic file (type png)

<use Pictures/correlation.png>
Package pdftex.def Info: Pictures/correlation.png used on input line 214.
(pdftex.def)             Requested size: 209.12683pt x 101.32565pt.

<Pictures/no_cov.png, id=523, 512.91624pt x 233.87375pt>
File: Pictures/no_cov.png Graphic file (type png)

<use Pictures/no_cov.png>
Package pdftex.def Info: Pictures/no_cov.png used on input line 228.
(pdftex.def)             Requested size: 292.77629pt x 133.49854pt.
 [11 <./Pictures/correlation.png> <./Pictures/no_cov.png>]
Underfull \hbox (badness 10000) in paragraph at lines 239--240

 []


Underfull \hbox (badness 10000) in paragraph at lines 259--263

 []

[12]
Overfull \hbox (38.7143pt too wide) in paragraph at lines 283--285
\OML/cmm/m/it/12 E\OT1/cmr/m/n/12 [[](\OML/cmm/m/it/12 ^^\\OT1/cmr/m/n/12 )] = 
\OML/cmm/m/it/12 E\OT1/cmr/m/n/12 [[] [] \OML/cmm/m/it/12 y\OT1/cmr/m/n/12 (\OM
L/cmm/m/it/12 t\OT1/cmr/m/n/12 )\OML/cmm/m/it/12 y\OT1/cmr/m/n/12 (\OML/cmm/m/i
t/12 t \OT1/cmr/m/n/12 + \OML/cmm/m/it/12 ^^\\OT1/cmr/m/n/12 )] = [] [] \OML/cm
m/m/it/12 E\OT1/cmr/m/n/12 [\OML/cmm/m/it/12 y\OT1/cmr/m/n/12 (\OML/cmm/m/it/12
 t\OT1/cmr/m/n/12 )\OML/cmm/m/it/12 y\OT1/cmr/m/n/12 (\OML/cmm/m/it/12 t \OT1/c
mr/m/n/12 + \OML/cmm/m/it/12 ^^\\OT1/cmr/m/n/12 )] = [] [] \OML/cmm/m/it/12 ^^M
\OT1/cmr/m/n/12 (\OML/cmm/m/it/12 ^^\\OT1/cmr/m/n/12 ) =
 []

[13]) [14] (./sections/Chap1.tex
<Pictures/modelclasses.png, id=548, 911.405pt x 355.3275pt>
File: Pictures/modelclasses.png Graphic file (type png)

<use Pictures/modelclasses.png>
Package pdftex.def Info: Pictures/modelclasses.png used on input line 14.
(pdftex.def)             Requested size: 209.12683pt x 81.52841pt.
 [15 <./Pictures/modelclasses.png>]
<Pictures/movingavg.png, id=554, 964.60374pt x 458.71375pt>
File: Pictures/movingavg.png Graphic file (type png)

<use Pictures/movingavg.png>
Package pdftex.def Info: Pictures/movingavg.png used on input line 40.
(pdftex.def)             Requested size: 292.77629pt x 139.22504pt.
 [16pdfTeX warning (ext4): destination with the same identifier (name{figure.4}
) has been already used, duplicate ignored

\AtBegShi@Output ...ipout \box \AtBeginShipoutBox 
                                                  \fi \fi 
l.55 \newpage
              <./Pictures/movingavg.png>]
<Pictures/armax.png, id=561, 980.66376pt x 580.1675pt>
File: Pictures/armax.png Graphic file (type png)

<use Pictures/armax.png>
Package pdftex.def Info: Pictures/armax.png used on input line 66.
(pdftex.def)             Requested size: 292.77629pt x 173.20172pt.
 [17 <./Pictures/armax.png>]
Overfull \hbox (29.3747pt too wide) in paragraph at lines 76--77
[] 
 []


Overfull \hbox (29.3747pt too wide) in paragraph at lines 80--81
[] 
 []


Overfull \hbox (18.77145pt too wide) detected at line 104
\OML/cmm/m/it/12 y\OT1/cmr/m/n/12 (\OML/cmm/m/it/12 t\OT1/cmr/m/n/12 ) = \OML/c
mm/m/it/12 a[]Z[]y\OT1/cmr/m/n/12 (\OML/cmm/m/it/12 t\OT1/cmr/m/n/12 ) + \OML/c
mm/m/it/12 ::: \OT1/cmr/m/n/12 + \OML/cmm/m/it/12 a[]Z[]y\OT1/cmr/m/n/12 (\OML/
cmm/m/it/12 t\OT1/cmr/m/n/12 ) + \OML/cmm/m/it/12 c[]e\OT1/cmr/m/n/12 (\OML/cmm
/m/it/12 t\OT1/cmr/m/n/12 ) + \OML/cmm/m/it/12 ::: \OT1/cmr/m/n/12 + \OML/cmm/m
/it/12 c[]Z[]e\OT1/cmr/m/n/12 (\OML/cmm/m/it/12 t\OT1/cmr/m/n/12 ) + \OML/cmm/m
/it/12 b[]Z[]u\OT1/cmr/m/n/12 (\OML/cmm/m/it/12 t\OT1/cmr/m/n/12 ) + \OML/cmm/m
/it/12 ::: \OT1/cmr/m/n/12 + \OML/cmm/m/it/12 b[]Z[]u\OT1/cmr/m/n/12 (\OML/cmm/
m/it/12 t\OT1/cmr/m/n/12 )
 []

[18] <Pictures/blockio.png, id=572, 679.53876pt x 219.82124pt>
File: Pictures/blockio.png Graphic file (type png)

<use Pictures/blockio.png>
Package pdftex.def Info: Pictures/blockio.png used on input line 118.
(pdftex.def)             Requested size: 146.38814pt x 47.35455pt.

<Pictures/blockts.png, id=573, 489.83pt x 206.7725pt>
File: Pictures/blockts.png Graphic file (type png)

<use Pictures/blockts.png>
Package pdftex.def Info: Pictures/blockts.png used on input line 122.
(pdftex.def)             Requested size: 115.02039pt x 48.55368pt.


Package hyperref Warning: Token not allowed in a PDF string (PDFDocEncoding):
(hyperref)                removing `math shift' on input line 126.


Package hyperref Warning: Token not allowed in a PDF string (PDFDocEncoding):
(hyperref)                removing `superscript' on input line 126.


Package hyperref Warning: Token not allowed in a PDF string (PDFDocEncoding):
(hyperref)                removing `math shift' on input line 126.


Package hyperref Warning: Token not allowed in a PDF string (PDFDocEncoding):
(hyperref)                removing `math shift' on input line 126.


Package hyperref Warning: Token not allowed in a PDF string (PDFDocEncoding):
(hyperref)                removing `superscript' on input line 126.


Package hyperref Warning: Token not allowed in a PDF string (PDFDocEncoding):
(hyperref)                removing `math shift' on input line 126.

[19 <./Pictures/blockio.png> <./Pictures/blockts.png>]
Underfull \hbox (badness 10000) in paragraph at lines 138--139

 []


Underfull \hbox (badness 10000) in paragraph at lines 141--142

 []


Underfull \hbox (badness 10000) in paragraph at lines 147--148

 []

[20] <Pictures/wnsys.png, id=584, 692.5875pt x 190.7125pt>
File: Pictures/wnsys.png Graphic file (type png)

<use Pictures/wnsys.png>
Package pdftex.def Info: Pictures/wnsys.png used on input line 157.
(pdftex.def)             Requested size: 167.2989pt x 46.06584pt.

<Pictures/disstab.png, id=585, 550.055pt x 463.7325pt>
File: Pictures/disstab.png Graphic file (type png)

<use Pictures/disstab.png>
Package pdftex.def Info: Pictures/disstab.png used on input line 171.
(pdftex.def)             Requested size: 146.38814pt x 123.41214pt.

<Pictures/contstab.png, id=586, 542.025pt x 425.59pt>
File: Pictures/contstab.png Graphic file (type png)

<use Pictures/contstab.png>
Package pdftex.def Info: Pictures/contstab.png used on input line 175.
(pdftex.def)             Requested size: 146.38814pt x 114.9433pt.

Underfull \hbox (badness 10000) in paragraph at lines 164--177

 []

[21 <./Pictures/wnsys.png> <./Pictures/disstab.png> <./Pictures/contstab.png>]
Underfull \hbox (badness 10000) in paragraph at lines 181--182

 []

<Pictures/stabex.png, id=594, 690.58pt x 354.32375pt>
File: Pictures/stabex.png Graphic file (type png)

<use Pictures/stabex.png>
Package pdftex.def Info: Pictures/stabex.png used on input line 191.
(pdftex.def)             Requested size: 167.2989pt x 85.83418pt.
File: Pictures/wnsys.png Graphic file (type png)
 <use Pictures/wnsys.png>
Package pdftex.def Info: Pictures/wnsys.png used on input line 199.
(pdftex.def)             Requested size: 167.2989pt x 46.06584pt.

Underfull \hbox (badness 10000) in paragraph at lines 209--210

 []

[22 <./Pictures/stabex.png>]
Underfull \hbox (badness 10000) in paragraph at lines 217--218

 []

) [23] (./sections/Chap2.tex
Underfull \hbox (badness 10000) in paragraph at lines 21--24

 []


Underfull \hbox (badness 10000) in paragraph at lines 25--26

 []


Underfull \hbox (badness 10000) in paragraph at lines 34--37

 []


Underfull \hbox (badness 10000) in paragraph at lines 40--42

 []

[24]
Underfull \hbox (badness 10000) in paragraph at lines 45--46

 []


Underfull \hbox (badness 10000) in paragraph at lines 49--50

 []


Underfull \hbox (badness 10000) in paragraph at lines 50--51

 []


Underfull \hbox (badness 10000) in paragraph at lines 54--55

 []


Underfull \hbox (badness 10000) in paragraph at lines 69--73

 []

[25]
Underfull \hbox (badness 10000) in paragraph at lines 77--78

 []


Underfull \hbox (badness 10000) in paragraph at lines 79--84

 []


Underfull \hbox (badness 10000) in paragraph at lines 87--91

 []


Underfull \hbox (badness 10000) in paragraph at lines 94--95

 []


Underfull \hbox (badness 10000) in paragraph at lines 95--96

 []

[26] <Pictures/stableplot.png, id=622, 921.4425pt x 484.81125pt>
File: Pictures/stableplot.png Graphic file (type png)

<use Pictures/stableplot.png>
Package pdftex.def Info: Pictures/stableplot.png used on input line 107.
(pdftex.def)             Requested size: 209.12683pt x 110.02472pt.

Underfull \hbox (badness 10000) in paragraph at lines 104--108

 []

<Pictures/unstableplot.png, id=623, 936.49875pt x 472.76625pt>
File: Pictures/unstableplot.png Graphic file (type png)

<use Pictures/unstableplot.png>
Package pdftex.def Info: Pictures/unstableplot.png used on input line 112.
(pdftex.def)             Requested size: 209.12683pt x 105.56708pt.

Underfull \hbox (badness 10000) in paragraph at lines 109--113

 []


Package hyperref Warning: Token not allowed in a PDF string (PDFDocEncoding):
(hyperref)                removing `math shift' on input line 115.


Package hyperref Warning: Token not allowed in a PDF string (PDFDocEncoding):
(hyperref)                removing `\infty' on input line 115.


Package hyperref Warning: Token not allowed in a PDF string (PDFDocEncoding):
(hyperref)                removing `math shift' on input line 115.

[27 <./Pictures/stableplot.png> <./Pictures/unstableplot.png>]
Underfull \hbox (badness 10000) in paragraph at lines 149--151

 []

<Pictures/varspec.png, id=631, 614.295pt x 378.41376pt>
File: Pictures/varspec.png Graphic file (type png)

<use Pictures/varspec.png>
Package pdftex.def Info: Pictures/varspec.png used on input line 160.
(pdftex.def)             Requested size: 209.12683pt x 128.82642pt.
 [28] [29 <./Pictures/varspec.png>]
<Pictures/unpredic.png, id=645, 1000.73875pt x 395.4775pt>
File: Pictures/unpredic.png Graphic file (type png)

<use Pictures/unpredic.png>
Package pdftex.def Info: Pictures/unpredic.png used on input line 171.
(pdftex.def)             Requested size: 167.2989pt x 66.11389pt.
File: Pictures/no_cov.png Graphic file (type png)
 <use Pictures/no_cov.png>
Package pdftex.def Info: Pictures/no_cov.png used on input line 178.
(pdftex.def)             Requested size: 167.2989pt x 76.28284pt.

<Pictures/ftwn.png, id=646, 618.31pt x 399.4925pt>
File: Pictures/ftwn.png Graphic file (type png)
 <use Pictures/ftwn.png>
Package pdftex.def Info: Pictures/ftwn.png used on input line 187.
(pdftex.def)             Requested size: 167.2989pt x 108.08995pt.

[30 <./Pictures/unpredic.png> <./Pictures/ftwn.png>]
<Pictures/tf_fr.png, id=657, 947.54pt x 517.935pt>
File: Pictures/tf_fr.png Graphic file (type png)
 <use Pictures/tf_fr.png>
Package pdftex.def Info: Pictures/tf_fr.png used on input line 201.
(pdftex.def)             Requested size: 125.47737pt x 68.58258pt.

[31 <./Pictures/tf_fr.png>]
<Pictures/FRgraph.png, id=663, 718.685pt x 562.1pt>
File: Pictures/FRgraph.png Graphic file (type png)
 <use Pictures/FRgraph.png>
Package pdftex.def Info: Pictures/FRgraph.png used on input line 220.
(pdftex.def)             Requested size: 167.2989pt x 130.84985pt.

<Pictures/nqplot.png, id=664, 592.2125pt x 393.47pt>
File: Pictures/nqplot.png Graphic file (type png)
 <use Pictures/nqplot.png>
Package pdftex.def Info: Pictures/nqplot.png used on input line 227.
(pdftex.def)             Requested size: 167.2989pt x 111.15547pt.

Underfull \hbox (badness 10000) in paragraph at lines 223--228

 []

[32 <./Pictures/FRgraph.png> <./Pictures/nqplot.png>]
<Pictures/bodeplot.png, id=671, 557.08125pt x 413.545pt>
File: Pictures/bodeplot.png Graphic file (type png)

<use Pictures/bodeplot.png>
Package pdftex.def Info: Pictures/bodeplot.png used on input line 234.
(pdftex.def)             Requested size: 167.2989pt x 124.19064pt.

<Pictures/domainscheme.png, id=672, 473.77pt x 373.395pt>
File: Pictures/domainscheme.png Graphic file (type png)

<use Pictures/domainscheme.png>
Package pdftex.def Info: Pictures/domainscheme.png used on input line 271.
(pdftex.def)             Requested size: 167.2989pt x 131.85251pt.
 [33 <./Pictures/bodeplot.png>]
<Pictures/ex1_q.png, id=682, 937.5025pt x 560.0925pt>
File: Pictures/ex1_q.png Graphic file (type png)
 <use Pictures/ex1_q.png>
Package pdftex.def Info: Pictures/ex1_q.png used on input line 281.
(pdftex.def)             Requested size: 167.2989pt x 99.94911pt.

<Pictures/ex1_s.png, id=683, 928.46875pt x 622.325pt>
File: Pictures/ex1_s.png Graphic file (type png)
 <use Pictures/ex1_s.png>
Package pdftex.def Info: Pictures/ex1_s.png used on input line 285.
(pdftex.def)             Requested size: 167.2989pt x 112.12761pt.

[34pdfTeX warning (ext4): destination with the same identifier (name{figure.5})
 has been already used, duplicate ignored

\AtBegShi@Output ...ipout \box \AtBeginShipoutBox 
                                                  \fi \fi 
l.288 \newpage
               <./Pictures/domainscheme.png> <./Pictures/ex1_q.png> <./Pictures
/ex1_s.png>] <Pictures/ex2_g.png, id=692, 929.4725pt x 351.3125pt>
File: Pictures/ex2_g.png Graphic file (type png)

<use Pictures/ex2_g.png>
Package pdftex.def Info: Pictures/ex2_g.png used on input line 298.
(pdftex.def)             Requested size: 209.12683pt x 79.04189pt.

Underfull \hbox (badness 10000) in paragraph at lines 302--303

 []

<Pictures/ex2_p.png, id=693, 950.55125pt x 436.63126pt>
File: Pictures/ex2_p.png Graphic file (type png)

<use Pictures/ex2_p.png>
Package pdftex.def Info: Pictures/ex2_p.png used on input line 323.
(pdftex.def)             Requested size: 292.77629pt x 134.4815pt.
 [35 <./Pictures/ex2_g.png>] [36 <./Pictures/ex2_p.png>] <Pictures/ex3_g.png, i
d=705, 642.4pt x 285.065pt>
File: Pictures/ex3_g.png Graphic file (type png)
 <use Pictures/ex3_g.png>
Package pdftex.def Info: Pictures/ex3_g.png used on input line 333.
(pdftex.def)             Requested size: 209.12683pt x 92.79726pt.

Underfull \hbox (badness 10000) in paragraph at lines 330--334

 []


Underfull \hbox (badness 10000) in paragraph at lines 349--352

 []


Underfull \hbox (badness 10000) in paragraph at lines 364--368

 []

[37 <./Pictures/ex3_g.png>]
Underfull \hbox (badness 10000) in paragraph at lines 369--370

 []

<Pictures/ex4_g.png, id=711, 411.5375pt x 220.825pt>
File: Pictures/ex4_g.png Graphic file (type png)
 <use Pictures/ex4_g.png>
Package pdftex.def Info: Pictures/ex4_g.png used on input line 376.
(pdftex.def)             Requested size: 167.2989pt x 89.77057pt.

Underfull \hbox (badness 10000) in paragraph at lines 373--377

 []

<Pictures/ex4_g2.png, id=712, 539.01375pt x 328.22626pt>
File: Pictures/ex4_g2.png Graphic file (type png)

<use Pictures/ex4_g2.png>
Package pdftex.def Info: Pictures/ex4_g2.png used on input line 382.
(pdftex.def)             Requested size: 167.2989pt x 101.87428pt.

<Pictures/ex4_g3.png, id=713, 561.09625pt x 254.9525pt>
File: Pictures/ex4_g3.png Graphic file (type png)

<use Pictures/ex4_g3.png>
Package pdftex.def Info: Pictures/ex4_g3.png used on input line 386.
(pdftex.def)             Requested size: 167.2989pt x 76.01561pt.
 [38 <./Pictures/ex4_g.png> <./Pictures/ex4_g2.png> <./Pictures/ex4_g3.png>]
Underfull \hbox (badness 10000) in paragraph at lines 393--394

 []


Underfull \hbox (badness 10000) in paragraph at lines 395--402

 []

[39]) [40] (./sections/Chap3.tex
<Pictures/prediction.png, id=729, 945.5325pt x 436.63126pt>
File: Pictures/prediction.png Graphic file (type png)

<use Pictures/prediction.png>
Package pdftex.def Info: Pictures/prediction.png used on input line 5.
(pdftex.def)             Requested size: 250.95476pt x 115.88661pt.

Underfull \hbox (badness 10000) in paragraph at lines 26--27

 []

[41 <./Pictures/prediction.png>]
Underfull \hbox (badness 10000) in paragraph at lines 29--32

 []

<Pictures/allpass.png, id=741, 686.565pt x 476.78125pt>
File: Pictures/allpass.png Graphic file (type png)

<use Pictures/allpass.png>
Package pdftex.def Info: Pictures/allpass.png used on input line 48.
(pdftex.def)             Requested size: 250.95476pt x 174.26741pt.

<Pictures/armaxallpass.png, id=742, 955.57pt x 429.605pt>
File: Pictures/armaxallpass.png Graphic file (type png)

<use Pictures/armaxallpass.png>
Package pdftex.def Info: Pictures/armaxallpass.png used on input line 52.
(pdftex.def)             Requested size: 209.12683pt x 94.01518pt.
 [42 <./Pictures/allpass.png>]
Underfull \hbox (badness 10000) in paragraph at lines 73--74

 []

[43 <./Pictures/armaxallpass.png>]
<Pictures/canonical.png, id=758, 1015.795pt x 308.15125pt>
File: Pictures/canonical.png Graphic file (type png)

<use Pictures/canonical.png>
Package pdftex.def Info: Pictures/canonical.png used on input line 83.
(pdftex.def)             Requested size: 209.12683pt x 63.43942pt.

<Pictures/remark_simple.png, id=759, 643.40375pt x 383.4325pt>
File: Pictures/remark_simple.png Graphic file (type png)

<use Pictures/remark_simple.png>
Package pdftex.def Info: Pictures/remark_simple.png used on input line 100.
(pdftex.def)             Requested size: 209.12683pt x 124.62578pt.
 [44 <./Pictures/canonical.png>] [45 <./Pictures/remark_simple.png>]
<Pictures/predictoropt.png, id=770, 925.4575pt x 251.94125pt>
File: Pictures/predictoropt.png Graphic file (type png)

<use Pictures/predictoropt.png>
Package pdftex.def Info: Pictures/predictoropt.png used on input line 136.
(pdftex.def)             Requested size: 209.12683pt x 56.93036pt.

Underfull \hbox (badness 10000) in paragraph at lines 138--140

 []


Underfull \hbox (badness 10000) in paragraph at lines 142--147

 []

[46 <./Pictures/predictoropt.png>]
Overfull \hbox (22.04268pt too wide) detected at line 170
[]\OT1/cmr/m/n/12 (\OML/cmm/m/it/12 t\OMS/cmsy/m/n/12 j\OML/cmm/m/it/12 t \OMS/
cmsy/m/n/12 ^^@ \OT1/cmr/m/n/12 1) = (1 + \OML/cmm/m/it/12 c[]Z[] \OT1/cmr/m/n/
12 + \OML/cmm/m/it/12 ::: \OT1/cmr/m/n/12 + \OML/cmm/m/it/12 c[]Z[]\OT1/cmr/m/n
/12 )\OML/cmm/m/it/12 e\OT1/cmr/m/n/12 (\OML/cmm/m/it/12 t\OT1/cmr/m/n/12 ) \OM
S/cmsy/m/n/12 ! []\OT1/cmr/m/n/12 (\OML/cmm/m/it/12 t\OMS/cmsy/m/n/12 j\OML/cmm
/m/it/12 t \OMS/cmsy/m/n/12 ^^@ \OT1/cmr/m/n/12 1) = []\OML/cmm/m/it/12 y\OT1/c
mr/m/n/12 (\OML/cmm/m/it/12 t\OT1/cmr/m/n/12 )
 []

<Pictures/mapredictor.png, id=778, 1021.8175pt x 364.36125pt>
File: Pictures/mapredictor.png Graphic file (type png)

<use Pictures/mapredictor.png>
Package pdftex.def Info: Pictures/mapredictor.png used on input line 177.
(pdftex.def)             Requested size: 209.12683pt x 74.56667pt.
 [47 <./Pictures/mapredictor.png>]
Underfull \hbox (badness 10000) in paragraph at lines 183--187

 []


Underfull \hbox (badness 10000) in paragraph at lines 188--189

 []


Underfull \hbox (badness 10000) in paragraph at lines 196--197

 []

<Pictures/poldivision.png, id=785, 939.51pt x 714.67pt>
File: Pictures/poldivision.png Graphic file (type png)

<use Pictures/poldivision.png>
Package pdftex.def Info: Pictures/poldivision.png used on input line 210.
(pdftex.def)             Requested size: 292.77629pt x 222.70132pt.

Underfull \hbox (badness 10000) in paragraph at lines 203--211

 []

[48]
Underfull \hbox (badness 10000) in paragraph at lines 228--229

 []

[49 <./Pictures/poldivision.png>]
Underfull \hbox (badness 10000) in paragraph at lines 236--237

 []

[50]
Underfull \hbox (badness 10000) in paragraph at lines 292--293

 []

[51]
Underfull \hbox (badness 10000) in paragraph at lines 307--308

 []


Underfull \hbox (badness 10000) in paragraph at lines 317--319

 []

[52] [53] [54] <Pictures/ex_division.png, id=819, 752.8125pt x 529.98pt>
File: Pictures/ex_division.png Graphic file (type png)

<use Pictures/ex_division.png>
Package pdftex.def Info: Pictures/ex_division.png used on input line 360.
(pdftex.def)             Requested size: 209.12683pt x 147.22078pt.
 [55 <./Pictures/ex_division.png>]
<Pictures/ex_vark.png, id=826, 971.63pt x 486.81876pt>
File: Pictures/ex_vark.png Graphic file (type png)

<use Pictures/ex_vark.png>
Package pdftex.def Info: Pictures/ex_vark.png used on input line 377.
(pdftex.def)             Requested size: 209.12683pt x 104.7754pt.

Underfull \hbox (badness 10000) in paragraph at lines 389--392

 []

<Pictures/ex_poles.png, id=827, 501.875pt x 335.2525pt>
File: Pictures/ex_poles.png Graphic file (type png)

<use Pictures/ex_poles.png>
Package pdftex.def Info: Pictures/ex_poles.png used on input line 396.
(pdftex.def)             Requested size: 125.47737pt x 83.81802pt.

<Pictures/ex_spectrum.png, id=828, 615.29875pt x 351.3125pt>
File: Pictures/ex_spectrum.png Graphic file (type png)

<use Pictures/ex_spectrum.png>
Package pdftex.def Info: Pictures/ex_spectrum.png used on input line 400.
(pdftex.def)             Requested size: 188.21286pt x 107.45837pt.
 [56 <./Pictures/ex_vark.png>]
Underfull \hbox (badness 10000) in paragraph at lines 416--417

 []

[57 <./Pictures/ex_poles.png> <./Pictures/ex_spectrum.png>]
Underfull \hbox (badness 10000) in paragraph at lines 424--425

 []

[58]
Underfull \hbox (badness 10000) in paragraph at lines 442--446

 []

<Pictures/ex_division2.png, id=846, 667.49374pt x 380.42125pt>
File: Pictures/ex_division2.png Graphic file (type png)

<use Pictures/ex_division2.png>
Package pdftex.def Info: Pictures/ex_division2.png used on input line 458.
(pdftex.def)             Requested size: 209.12683pt x 119.18318pt.
 [59 <./Pictures/ex_division2.png>]
Underfull \hbox (badness 10000) in paragraph at lines 475--478

 []

[60] <Pictures/ex_division3.png, id=857, 797.98125pt x 393.47pt>
File: Pictures/ex_division3.png Graphic file (type png)

<use Pictures/ex_division3.png>
Package pdftex.def Info: Pictures/ex_division3.png used on input line 516.
(pdftex.def)             Requested size: 209.12683pt x 103.1163pt.

<Pictures/ex_varplot.png, id=858, 953.5625pt x 392.46625pt>
File: Pictures/ex_varplot.png Graphic file (type png)

<use Pictures/ex_varplot.png>
Package pdftex.def Info: Pictures/ex_varplot.png used on input line 526.
(pdftex.def)             Requested size: 209.12683pt x 86.07335pt.
 [61 <./Pictures/ex_division3.png>]
Underfull \hbox (badness 10000) in paragraph at lines 528--530

 []


Underfull \hbox (badness 10000) in paragraph at lines 538--540

 []


Underfull \hbox (badness 10000) in paragraph at lines 553--556

 []

[62 <./Pictures/ex_varplot.png>]
Underfull \hbox (badness 10000) in paragraph at lines 566--569

 []

) [63] (./sections/Chap4.tex
Underfull \hbox (badness 10000) in paragraph at lines 21--24

 []

[64] <Pictures/quadratic.png, id=880, 684.5575pt x 249.93375pt>
File: Pictures/quadratic.png Graphic file (type png)

<use Pictures/quadratic.png>
Package pdftex.def Info: Pictures/quadratic.png used on input line 33.
(pdftex.def)             Requested size: 167.2989pt x 61.07985pt.

Underfull \hbox (badness 10000) in paragraph at lines 30--34

 []

<Pictures/n_quadratic.png, id=881, 762.85pt x 369.38pt>
File: Pictures/n_quadratic.png Graphic file (type png)

<use Pictures/n_quadratic.png>
Package pdftex.def Info: Pictures/n_quadratic.png used on input line 40.
(pdftex.def)             Requested size: 167.2989pt x 81.00458pt.

Underfull \hbox (badness 10000) in paragraph at lines 37--41

 []


Underfull \hbox (badness 10000) in paragraph at lines 42--43

 []

<Pictures/n_quadratic_local.png, id=882, 734.745pt x 359.3425pt>
File: Pictures/n_quadratic_local.png Graphic file (type png)

<use Pictures/n_quadratic_local.png>
Package pdftex.def Info: Pictures/n_quadratic_local.png used on input line 46.
(pdftex.def)             Requested size: 167.2989pt x 81.81908pt.

Underfull \hbox (badness 10000) in paragraph at lines 43--47

 []

[65 <./Pictures/quadratic.png> <./Pictures/n_quadratic.png>] [66 <./Pictures/n_
quadratic_local.png>] [67]
Underfull \hbox (badness 10000) in paragraph at lines 121--123

 []


Underfull \hbox (badness 10000) in paragraph at lines 124--125

 []

[68]
Overfull \hbox (14.26004pt too wide) detected at line 172
[] \OT1/cmr/m/n/12 = [][] []
 []

[69]
Underfull \hbox (badness 10000) in paragraph at lines 203--204

 []

[70] [71] [72] <Pictures/iterative.png, id=922, 929.4725pt x 607.26875pt>
File: Pictures/iterative.png Graphic file (type png)

<use Pictures/iterative.png>
Package pdftex.def Info: Pictures/iterative.png used on input line 267.
(pdftex.def)             Requested size: 209.12683pt x 136.62956pt.
 [73]
<Pictures/iterative_minima.png, id=928, 887.315pt x 568.1225pt>
File: Pictures/iterative_minima.png Graphic file (type png)

<use Pictures/iterative_minima.png>
Package pdftex.def Info: Pictures/iterative_minima.png used on input line 272.
(pdftex.def)             Requested size: 209.12683pt x 133.89023pt.

<Pictures/newton.png, id=929, 956.57375pt x 655.44875pt>
File: Pictures/newton.png Graphic file (type png)

<use Pictures/newton.png>
Package pdftex.def Info: Pictures/newton.png used on input line 280.
(pdftex.def)             Requested size: 250.95476pt x 171.95285pt.
 [74 <./Pictures/iterative.png> <./Pictures/iterative_minima.png>]
Underfull \hbox (badness 10000) in paragraph at lines 292--293

 []


Underfull \hbox (badness 10000) in paragraph at lines 294--295

 []

[75 <./Pictures/newton.png>]
<Pictures/hessian.png, id=941, 945.5325pt x 622.325pt>
File: Pictures/hessian.png Graphic file (type png)

<use Pictures/hessian.png>
Package pdftex.def Info: Pictures/hessian.png used on input line 310.
(pdftex.def)             Requested size: 250.95476pt x 165.17172pt.

Underfull \hbox (badness 10000) in paragraph at lines 319--320

 []

[76 <./Pictures/hessian.png>]
Underfull \hbox (badness 10000) in paragraph at lines 324--325

 []


Underfull \hbox (badness 10000) in paragraph at lines 328--329

 []


Underfull \hbox (badness 10000) in paragraph at lines 332--333

 []


Overfull \hbox (0.27875pt too wide) detected at line 342
[]
 []

<Pictures/filtering.png, id=950, 997.7275pt x 629.35126pt>
File: Pictures/filtering.png Graphic file (type png)

<use Pictures/filtering.png>
Package pdftex.def Info: Pictures/filtering.png used on input line 347.
(pdftex.def)             Requested size: 250.95476pt x 158.29773pt.
 [77]
Underfull \hbox (badness 10000) in paragraph at lines 369--370

 []

[78 <./Pictures/filtering.png>]
Underfull \hbox (badness 10000) in paragraph at lines 377--378

 []


Underfull \hbox (badness 10000) in paragraph at lines 379--380

 []

) [79] (./sections/Chap5.tex
Overfull \hbox (55.90462pt too wide) detected at line 28
\OML/cmm/m/it/12 E\OT1/cmr/m/n/12 [\OML/cmm/m/it/12 ^^O\OT1/cmr/m/n/12 (\OML/cm
m/m/it/12 t; ^^R\OT1/cmr/m/n/12 )[]] = \OML/cmm/m/it/12 E\OT1/cmr/m/n/12 [\OML/
cmm/m/it/12 e\OT1/cmr/m/n/12 (\OML/cmm/m/it/12 t\OT1/cmr/m/n/12 )[]] + \OML/cmm
/m/it/12 E\OT1/cmr/m/n/12 [([](\OML/cmm/m/it/12 t\OMS/cmsy/m/n/12 j\OML/cmm/m/i
t/12 t \OMS/cmsy/m/n/12 ^^@ \OT1/cmr/m/n/12 1\OML/cmm/m/it/12 ; ^^R[]\OT1/cmr/m
/n/12 ) \OMS/cmsy/m/n/12 ^^@ []\OT1/cmr/m/n/12 (\OML/cmm/m/it/12 t\OMS/cmsy/m/n
/12 j\OML/cmm/m/it/12 t \OMS/cmsy/m/n/12 ^^@ \OT1/cmr/m/n/12 1\OML/cmm/m/it/12 
; ^^R\OT1/cmr/m/n/12 ))[]] + 2\OML/cmm/m/it/12 E\OT1/cmr/m/n/12 [\OML/cmm/m/it/
12 e\OT1/cmr/m/n/12 (\OML/cmm/m/it/12 t\OT1/cmr/m/n/12 )([](\OML/cmm/m/it/12 t\
OMS/cmsy/m/n/12 j\OML/cmm/m/it/12 t \OMS/cmsy/m/n/12 ^^@ \OT1/cmr/m/n/12 1\OML/
cmm/m/it/12 ; ^^R[]\OT1/cmr/m/n/12 ) \OMS/cmsy/m/n/12 ^^@ []\OT1/cmr/m/n/12 (\O
ML/cmm/m/it/12 t\OMS/cmsy/m/n/12 j\OML/cmm/m/it/12 t \OMS/cmsy/m/n/12 ^^@ \OT1/
cmr/m/n/12 1\OML/cmm/m/it/12 ; ^^R\OT1/cmr/m/n/12 ))]
 []

[80] [81]
Underfull \hbox (badness 10000) in paragraph at lines 44--45

 []

<Pictures/whiteness_test1.png, id=978, 809.0225pt x 463.7325pt>
File: Pictures/whiteness_test1.png Graphic file (type png)

<use Pictures/whiteness_test1.png>
Package pdftex.def Info: Pictures/whiteness_test1.png used on input line 49.
(pdftex.def)             Requested size: 209.12683pt x 119.86708pt.

<Pictures/whiteness_test2.png, id=979, 806.01125pt x 543.02875pt>
File: Pictures/whiteness_test2.png Graphic file (type png)

<use Pictures/whiteness_test2.png>
Package pdftex.def Info: Pictures/whiteness_test2.png used on input line 54.
(pdftex.def)             Requested size: 209.12683pt x 140.89412pt.
 [82 <./Pictures/whiteness_test1.png> <./Pictures/whiteness_test2.png>]
<Pictures/discont_id.png, id=990, 994.71625pt x 668.4975pt>
File: Pictures/discont_id.png Graphic file (type png)

<use Pictures/discont_id.png>
Package pdftex.def Info: Pictures/discont_id.png used on input line 94.
(pdftex.def)             Requested size: 209.12683pt x 140.54163pt.
 [83]
<Pictures/discont_re.png, id=995, 1005.7575pt x 693.59125pt>
File: Pictures/discont_re.png Graphic file (type png)

<use Pictures/discont_re.png>
Package pdftex.def Info: Pictures/discont_re.png used on input line 99.
(pdftex.def)             Requested size: 209.12683pt x 144.20854pt.
 [84 <./Pictures/discont_id.png> <./Pictures/discont_re.png>] <Pictures/cross_v
al.png, id=1005, 1010.77625pt x 656.4525pt>
File: Pictures/cross_val.png Graphic file (type png)

<use Pictures/cross_val.png>
Package pdftex.def Info: Pictures/cross_val.png used on input line 119.
(pdftex.def)             Requested size: 209.12683pt x 135.81569pt.

Underfull \hbox (badness 10000) in paragraph at lines 121--122

 []


Underfull \hbox (badness 10000) in paragraph at lines 131--132

 []

<Pictures/FPE.png, id=1006, 989.6975pt x 635.37375pt>
File: Pictures/FPE.png Graphic file (type png)
 <use Pictures/FPE.png>
Package pdftex.def Info: Pictures/FPE.png used on input line 139.
(pdftex.def)             Requested size: 167.2989pt x 107.40132pt.

[85 <./Pictures/cross_val.png>]
Underfull \hbox (badness 10000) in paragraph at lines 141--142

 []


Underfull \hbox (badness 10000) in paragraph at lines 146--147

 []

<Pictures/criteria_comparison.png, id=1015, 973.6375pt x 699.61375pt>
File: Pictures/criteria_comparison.png Graphic file (type png)

<use Pictures/criteria_comparison.png>
Package pdftex.def Info: Pictures/criteria_comparison.png used on input line 15
4.
(pdftex.def)             Requested size: 209.12683pt x 150.26457pt.
 [86 <./Pictures/FPE.png> <./Pictures/criteria_comparison.png>]
Underfull \hbox (badness 10000) in paragraph at lines 184--187

 []

[87] [88] [89]
Underfull \hbox (badness 10000) in paragraph at lines 289--291

 []


Underfull \hbox (badness 10000) in paragraph at lines 295--297

 []

[90] <Pictures/cruise_control.png, id=1041, 857.2025pt x 350.30875pt>
File: Pictures/cruise_control.png Graphic file (type png)

<use Pictures/cruise_control.png>
Package pdftex.def Info: Pictures/cruise_control.png used on input line 319.
(pdftex.def)             Requested size: 250.95476pt x 102.55443pt.

Underfull \hbox (badness 10000) in paragraph at lines 316--320

 []

<Pictures/signals.png, id=1042, 813.0375pt x 449.68pt>
File: Pictures/signals.png Graphic file (type png)

<use Pictures/signals.png>
Package pdftex.def Info: Pictures/signals.png used on input line 324.
(pdftex.def)             Requested size: 209.12683pt x 115.66524pt.

Underfull \hbox (badness 10000) in paragraph at lines 321--325

 []

[91 <./Pictures/cruise_control.png> <./Pictures/signals.png>]

Package hyperref Warning: Token not allowed in a PDF string (PDFDocEncoding):
(hyperref)                removing `math shift' on input line 351.


Package hyperref Warning: Token not allowed in a PDF string (PDFDocEncoding):
(hyperref)                removing `math shift' on input line 351.

[92] <Pictures/small_hessian.png, id=1053, 870.25125pt x 351.3125pt>
File: Pictures/small_hessian.png Graphic file (type png)

<use Pictures/small_hessian.png>
Package pdftex.def Info: Pictures/small_hessian.png used on input line 369.
(pdftex.def)             Requested size: 167.3021pt x 67.53807pt.

<Pictures/big_hessian.png, id=1054, 919.435pt x 568.1225pt>
File: Pictures/big_hessian.png Graphic file (type png)

<use Pictures/big_hessian.png>
Package pdftex.def Info: Pictures/big_hessian.png used on input line 373.
(pdftex.def)             Requested size: 167.3021pt x 103.37592pt.
) [93 <./Pictures/small_hessian.png> <./Pictures/big_hessian.png>] (./sections/
Chap6.tex
<Pictures/linear_trend.png, id=1061, 928.46875pt x 488.82625pt>
File: Pictures/linear_trend.png Graphic file (type png)

<use Pictures/linear_trend.png>
Package pdftex.def Info: Pictures/linear_trend.png used on input line 20.
(pdftex.def)             Requested size: 250.95476pt x 132.1191pt.
 [94 <./Pictures/linear_trend.png>]
Underfull \hbox (badness 10000) in paragraph at lines 29--30

 []

<Pictures/non_linear_trend.png, id=1068, 894.34125pt x 519.9425pt>
File: Pictures/non_linear_trend.png Graphic file (type png)

<use Pictures/non_linear_trend.png>
Package pdftex.def Info: Pictures/non_linear_trend.png used on input line 35.
(pdftex.def)             Requested size: 250.95476pt x 145.89232pt.
 [95 <./Pictures/non_linear_trend.png>]
[96]
Underfull \hbox (badness 10000) in paragraph at lines 87--88

 []

<Pictures/seasonal_fft.png, id=1079, 1066.98625pt x 469.755pt>
File: Pictures/seasonal_fft.png Graphic file (type png)

<use Pictures/seasonal_fft.png>
Package pdftex.def Info: Pictures/seasonal_fft.png used on input line 94.
(pdftex.def)             Requested size: 292.77629pt x 128.89989pt.
 [97 <./Pictures/seasonal_fft.png>]
<Pictures/seasonal_est.png, id=1085, 1065.9825pt x 623.32875pt>
File: Pictures/seasonal_est.png Graphic file (type png)

<use Pictures/seasonal_est.png>
Package pdftex.def Info: Pictures/seasonal_est.png used on input line 109.
(pdftex.def)             Requested size: 250.95476pt x 146.73907pt.

<Pictures/seasonal_est2.png, id=1086, 990.70125pt x 340.27126pt>
File: Pictures/seasonal_est2.png Graphic file (type png)

<use Pictures/seasonal_est2.png>
Package pdftex.def Info: Pictures/seasonal_est2.png used on input line 113.
(pdftex.def)             Requested size: 292.77629pt x 100.55568pt.

<Pictures/missing.png, id=1087, 1089.06876pt x 414.54875pt>
File: Pictures/missing.png Graphic file (type png)

<use Pictures/missing.png>
Package pdftex.def Info: Pictures/missing.png used on input line 124.
(pdftex.def)             Requested size: 292.77629pt x 111.44258pt.
 [98 <./Pictures/seasonal_est.png> <./Pictures/seasonal_est2.png>] [99 <./Pictu
res/missing.png>]
<Pictures/missing_example.png, id=1102, 1074.0125pt x 572.1375pt>
File: Pictures/missing_example.png Graphic file (type png)

<use Pictures/missing_example.png>
Package pdftex.def Info: Pictures/missing_example.png used on input line 152.
(pdftex.def)             Requested size: 292.77629pt x 155.9633pt.

<Pictures/missing_example2.png, id=1103, 604.2575pt x 436.63126pt>
File: Pictures/missing_example2.png Graphic file (type png)

<use Pictures/missing_example2.png>
Package pdftex.def Info: Pictures/missing_example2.png used on input line 157.
(pdftex.def)             Requested size: 292.77629pt x 211.55936pt.
)
Package atveryend Info: Empty hook `BeforeClearDocument' on input line 117.
 [100 <./Pictures/missing_example.png> <./Pictures/missing_example2.png>]
Package atveryend Info: Empty hook `AfterLastShipout' on input line 117.
 (./MIDA1_v1.aux)
Package atveryend Info: Executing hook `AtVeryEndDocument' on input line 117.
Package atveryend Info: Executing hook `AtEndAfterFileList' on input line 117.
Package rerunfilecheck Info: File `MIDA1_v1.out' has not changed.
(rerunfilecheck)             Checksum: CF223A840C70C2A4C7413CBED2C352A2;6892.


LaTeX Warning: There were multiply-defined labels.

Package atveryend Info: Empty hook `AtVeryVeryEnd' on input line 117.
 ) 
Here is how much of TeX's memory you used:
 7628 strings out of 493014
 112143 string characters out of 6133351
 302578 words of memory out of 5000000
 10730 multiletter control sequences out of 15000+600000
 10797 words of font info for 38 fonts, out of 8000000 for 9000
 1141 hyphenation exceptions out of 8191
 29i,14n,39p,508b,539s stack positions out of 5000i,500n,10000p,200000b,80000s
</usr/local/texlive/2016/texmf-dist/fonts/type1/public/amsfonts/cm/cmbx12.pfb
></usr/local/texlive/2016/texmf-dist/fonts/type1/public/amsfonts/cm/cmcsc10.pfb
></usr/local/texlive/2016/texmf-dist/fonts/type1/public/amsfonts/cm/cmex10.pfb>
</usr/local/texlive/2016/texmf-dist/fonts/type1/public/amsfonts/cm/cmmi12.pfb><
/usr/local/texlive/2016/texmf-dist/fonts/type1/public/amsfonts/cm/cmmi6.pfb></u
sr/local/texlive/2016/texmf-dist/fonts/type1/public/amsfonts/cm/cmmi8.pfb></usr
/local/texlive/2016/texmf-dist/fonts/type1/public/amsfonts/cm/cmr12.pfb></usr/l
ocal/texlive/2016/texmf-dist/fonts/type1/public/amsfonts/cm/cmr17.pfb></usr/loc
al/texlive/2016/texmf-dist/fonts/type1/public/amsfonts/cm/cmr6.pfb></usr/local/
texlive/2016/texmf-dist/fonts/type1/public/amsfonts/cm/cmr8.pfb></usr/local/tex
live/2016/texmf-dist/fonts/type1/public/amsfonts/cm/cmsy10.pfb></usr/local/texl
ive/2016/texmf-dist/fonts/type1/public/amsfonts/cm/cmsy6.pfb></usr/local/texliv
e/2016/texmf-dist/fonts/type1/public/amsfonts/cm/cmsy8.pfb></usr/local/texlive/
2016/texmf-dist/fonts/type1/public/amsfonts/cm/cmti12.pfb>
Output written on MIDA1_v1.pdf (101 pages, 3448892 bytes).
PDF statistics:
 1217 PDF objects out of 1440 (max. 8388607)
 934 compressed objects within 10 object streams
 264 named destinations out of 1000 (max. 500000)
 1079 words of extra memory for PDF output out of 10000 (max. 10000000)

